INFO:sim:172 - Generating IP...
Resolving generics for 'myclock'...
Applying external generics to 'myclock'...
Delivering associated files for 'myclock'...
WARNING:sim - Component clk_wiz_v3_6 does not have a valid model name for
   Verilog synthesis
Delivering EJava files for 'myclock'...
Delivered 3 files into directory
C:/Users/Halberd/audiorecorder/ipcore_dir/tmp/_cg/myclock
Delivered 1 file into directory
C:/Users/Halberd/audiorecorder/ipcore_dir/tmp/_cg/myclock
Generating ASY schematic symbol...
Loading device for application Rf_Device from file '6slx45.nph' in environment
C:\Xilinx\14.7\ISE_DS\ISE\.
INFO:sim:949 - Finished generation of ASY schematic symbol.
Generating SYM schematic symbol for 'myclock'...
Generating ISE project...
XCO file found: myclock.xco
XMDF file found: myclock_xmdf.tcl
Adding C:/Users/Halberd/audiorecorder/ipcore_dir/tmp/_cg/myclock.asy -view all
-origin_type imported
Adding C:/Users/Halberd/audiorecorder/ipcore_dir/tmp/_cg/myclock.ucf -view all
-origin_type created
Adding C:/Users/Halberd/audiorecorder/ipcore_dir/tmp/_cg/myclock.v -view all
-origin_type created
INFO:HDLCompiler:1845 - Analyzing Verilog file
   "C:/Users/Halberd/audiorecorder/ipcore_dir/tmp/_cg/myclock.v" into library
   work
INFO:ProjectMgmt - Parsing design hierarchy completed successfully.
Adding C:/Users/Halberd/audiorecorder/ipcore_dir/tmp/_cg/myclock.veo -view all
-origin_type imported
INFO:TclTasksC:2116 - The automatic calculation of top has been turned-off.
   Please set the new top explicitly by running the "project set top" command.
   To re-calculate the new top automatically, set the "Auto Implementation Top"
   property to true.
Top level has been set to "/myclock"
Generating README file...
Generating FLIST file...
INFO:sim:948 - Finished FLIST file generation.
Launching README viewer...
Moving files to output directory...
Finished moving files to output directory
Wrote CGP file for project 'myclock'.
